SF:lib/src/models/operance_data_decoration.dart
DA:17,10
DA:46,19
DA:91,21
DA:128,21
DA:193,21
DA:275,20
LF:6
LH:6
end_of_record
SF:lib/src/models/operance_data_column.dart
DA:32,5
LF:1
LH:1
end_of_record
SF:lib/src/models/operance_data_column_width.dart
DA:10,22
DA:14,3
DA:28,16
LF:3
LH:3
end_of_record
SF:lib/src/providers/operance_data_decoration_provider.dart
DA:8,6
DA:16,6
DA:18,6
DA:19,6
DA:22,2
DA:24,6
LF:6
LH:6
end_of_record
SF:lib/src/notifiers/pages_notifier.dart
DA:10,7
DA:13,7
DA:19,14
DA:22,2
DA:23,6
DA:25,2
DA:29,4
DA:30,4
DA:31,4
DA:32,8
DA:33,16
DA:34,16
DA:37,4
DA:43,1
DA:44,2
DA:45,1
DA:46,1
DA:47,1
DA:49,1
DA:52,1
DA:53,1
DA:55,1
DA:61,4
DA:62,4
DA:63,4
DA:64,4
DA:66,4
LF:27
LH:27
end_of_record
SF:lib/src/notifiers/column_order_notifier.dart
DA:10,7
DA:12,7
DA:18,3
DA:19,6
DA:20,3
DA:22,3
DA:23,6
DA:25,3
DA:29,2
DA:30,4
DA:32,2
LF:11
LH:11
end_of_record
SF:lib/src/notifiers/expanded_rows_notifier.dart
DA:9,14
DA:13,4
DA:14,8
DA:15,4
DA:17,8
DA:20,4
DA:24,2
DA:25,2
DA:26,2
DA:27,2
DA:29,2
DA:33,3
DA:34,6
DA:36,3
LF:14
LH:14
end_of_record
SF:lib/src/notifiers/hidden_columns_notifier.dart
DA:10,7
DA:12,7
DA:17,3
DA:18,6
DA:19,6
DA:21,6
DA:24,3
DA:28,2
DA:29,4
DA:31,2
DA:35,3
DA:36,6
DA:38,3
LF:13
LH:13
end_of_record
SF:lib/src/notifiers/operance_data_controller.dart
DA:43,6
DA:51,12
DA:52,12
DA:56,6
DA:57,6
DA:58,6
DA:59,6
DA:61,6
DA:62,6
DA:63,6
DA:64,12
DA:65,6
DA:66,6
DA:70,6
DA:71,6
DA:72,6
DA:73,6
DA:74,5
DA:76,9
DA:77,3
DA:127,2
DA:130,1
DA:131,7
DA:135,1
DA:136,7
DA:137,1
DA:141,4
DA:144,6
DA:148,3
DA:149,9
DA:153,15
DA:157,3
DA:160,6
DA:163,6
DA:166,1
DA:167,5
DA:171,3
DA:172,6
DA:173,6
DA:174,3
DA:176,3
DA:180,6
DA:181,18
DA:185,2
DA:188,2
DA:189,2
DA:190,2
DA:195,1
DA:197,1
DA:199,3
DA:201,3
DA:202,3
DA:203,1
DA:209,2
DA:210,1
DA:215,1
DA:216,1
DA:217,3
DA:218,1
DA:221,1
DA:226,1
DA:227,2
DA:231,1
DA:232,3
DA:233,1
DA:234,1
DA:235,1
DA:238,1
DA:244,2
DA:248,4
DA:250,2
DA:254,1
DA:255,2
DA:257,1
DA:262,2
DA:263,4
DA:269,9
DA:274,6
DA:279,6
DA:282,1
DA:283,2
DA:287,1
DA:288,2
DA:292,9
DA:295,2
DA:296,4
DA:301,2
DA:302,4
DA:306,2
DA:307,4
DA:309,4
DA:310,4
DA:312,4
DA:313,2
DA:314,2
DA:315,2
DA:317,2
DA:321,3
DA:324,6
DA:327,6
DA:330,6
DA:333,9
DA:336,2
DA:338,4
DA:339,4
DA:340,4
DA:341,4
DA:342,4
DA:343,4
DA:344,4
DA:345,4
DA:346,4
DA:347,4
DA:348,4
DA:349,4
DA:351,2
LF:116
LH:116
end_of_record
SF:lib/src/notifiers/searched_rows_notifier.dart
DA:16,14
DA:20,3
DA:21,3
DA:22,3
DA:26,3
DA:30,3
DA:31,6
DA:33,3
DA:38,3
DA:39,3
DA:40,6
DA:44,3
LF:12
LH:12
end_of_record
SF:lib/src/notifiers/selected_rows_notifier.dart
DA:9,14
DA:14,3
DA:15,6
DA:16,4
DA:18,6
DA:21,3
DA:25,4
DA:26,4
DA:27,4
DA:28,4
DA:30,4
DA:34,4
DA:35,8
DA:37,4
LF:14
LH:14
end_of_record
SF:lib/src/notifiers/sorts_notifier.dart
DA:14,7
DA:16,7
DA:21,3
DA:23,2
DA:25,6
DA:28,3
DA:32,2
DA:33,4
DA:35,2
LF:9
LH:9
end_of_record
SF:lib/src/providers/operance_data_controller_provider.dart
DA:8,5
DA:16,5
DA:18,5
DA:20,5
DA:23,2
DA:25,6
LF:6
LH:6
end_of_record
SF:lib/src/widgets/operance_data_search_field.dart
DA:13,2
DA:29,2
DA:31,2
DA:33,2
DA:34,2
DA:35,4
DA:37,2
DA:38,2
DA:39,2
DA:40,4
DA:41,2
LF:11
LH:11
end_of_record
SF:lib/src/extensions/build_context.dart
DA:10,4
DA:11,4
DA:14,5
DA:15,5
LF:4
LH:4
end_of_record
SF:lib/src/widgets/operance_data_row.dart
DA:16,2
DA:68,2
DA:70,2
DA:71,2
DA:73,2
DA:74,2
DA:75,2
DA:76,2
DA:77,2
DA:78,2
DA:79,2
DA:81,2
DA:83,2
DA:84,2
DA:85,2
DA:86,2
DA:87,2
DA:88,2
DA:89,4
DA:90,2
DA:91,2
DA:92,2
DA:93,2
DA:94,2
DA:95,2
DA:96,2
DA:97,2
DA:98,2
DA:100,4
DA:101,4
DA:102,4
DA:103,2
DA:104,2
DA:105,2
DA:106,2
DA:107,2
DA:108,2
DA:110,1
DA:112,2
DA:113,2
DA:114,4
DA:115,2
DA:117,2
DA:119,2
DA:120,2
DA:121,2
DA:123,2
DA:124,2
DA:125,4
DA:126,6
DA:127,0
DA:130,0
DA:131,2
DA:134,2
DA:135,2
DA:141,2
DA:143,2
DA:145,4
DA:147,2
DA:149,2
DA:150,2
DA:151,2
DA:153,2
DA:154,6
DA:156,2
DA:164,2
DA:165,2
DA:167,2
DA:168,4
DA:169,1
DA:170,2
DA:171,3
DA:175,2
DA:176,2
DA:177,2
DA:178,2
DA:179,2
DA:180,2
DA:183,4
DA:184,2
DA:185,6
DA:187,3
DA:188,1
DA:189,2
DA:193,2
DA:194,2
DA:195,2
DA:196,2
DA:197,6
DA:199,2
DA:200,6
DA:203,2
DA:204,6
DA:205,4
DA:206,2
DA:207,6
DA:209,4
DA:210,2
DA:211,4
DA:212,2
DA:213,8
DA:215,2
DA:233,2
DA:234,2
DA:235,2
DA:238,2
DA:240,2
DA:241,4
DA:242,2
DA:245,2
DA:246,2
DA:247,6
LF:112
LH:110
end_of_record
SF:lib/src/widgets/operance_data_column_header.dart
DA:18,2
DA:50,2
DA:52,2
DA:53,2
DA:54,2
DA:55,2
DA:57,2
DA:58,2
DA:59,2
DA:60,2
DA:61,2
DA:62,2
DA:63,2
DA:64,2
DA:66,2
DA:68,2
DA:69,2
DA:71,2
DA:72,2
DA:73,2
DA:76,2
DA:77,2
DA:78,2
DA:79,2
DA:80,2
DA:81,2
DA:84,4
DA:85,8
DA:86,5
DA:87,1
DA:92,2
DA:93,2
DA:94,2
DA:95,8
DA:96,2
DA:97,4
DA:98,4
DA:99,2
DA:100,6
DA:101,12
DA:103,10
DA:104,2
DA:105,1
DA:106,1
DA:119,2
DA:120,1
DA:121,1
DA:123,1
DA:138,2
DA:145,2
DA:147,2
DA:149,2
DA:150,6
DA:151,2
DA:152,2
DA:153,2
DA:154,2
DA:156,2
DA:157,2
DA:158,6
DA:159,2
DA:160,2
DA:161,1
DA:163,4
DA:166,3
DA:183,2
DA:211,2
DA:213,2
DA:214,2
DA:215,2
DA:216,2
DA:217,2
DA:218,8
DA:219,2
DA:220,2
DA:221,2
DA:226,2
DA:227,1
DA:228,4
DA:229,2
DA:230,1
DA:231,1
DA:245,1
DA:265,1
DA:267,1
DA:268,1
DA:269,1
DA:271,1
DA:273,1
DA:275,1
DA:277,1
DA:278,4
DA:279,2
DA:291,2
DA:307,2
DA:309,2
DA:310,2
DA:311,2
DA:313,2
DA:316,2
DA:317,2
DA:318,2
DA:319,2
DA:320,2
DA:321,6
DA:322,4
DA:323,2
DA:324,8
DA:325,4
DA:339,2
DA:347,2
DA:349,2
DA:350,2
DA:351,2
DA:352,2
DA:353,2
DA:355,2
DA:357,2
DA:358,2
DA:359,2
DA:360,8
DA:362,7
DA:364,2
DA:365,1
DA:366,1
DA:367,1
DA:368,2
DA:370,1
DA:375,2
DA:376,2
DA:377,1
DA:378,2
DA:379,4
DA:380,1
DA:381,2
DA:382,2
LF:136
LH:136
end_of_record
SF:lib/src/widgets/operance_data_column_dropdown.dart
DA:13,2
DA:21,2
DA:23,2
DA:24,2
DA:25,2
DA:26,2
DA:27,2
DA:29,2
DA:30,2
DA:31,2
DA:33,2
DA:34,2
DA:35,2
DA:36,2
DA:37,6
DA:38,2
DA:39,2
DA:41,2
DA:42,2
DA:43,2
DA:44,1
DA:45,2
DA:46,1
DA:50,2
DA:51,2
DA:52,2
DA:53,4
DA:55,2
DA:57,2
DA:58,4
DA:59,2
DA:60,2
DA:61,2
DA:62,1
DA:64,1
DA:68,2
DA:69,4
DA:76,2
DA:77,4
DA:78,6
DA:79,2
DA:81,1
DA:83,1
LF:43
LH:43
end_of_record
SF:lib/src/widgets/operance_data_table.dart
DA:31,1
DA:67,2
DA:71,6
DA:75,4
DA:79,3
DA:83,2
DA:186,1
DA:187,1
DA:230,1
DA:232,1
DA:234,3
DA:235,3
DA:236,3
DA:237,3
DA:238,3
DA:239,3
DA:240,3
DA:241,3
DA:242,3
DA:243,3
DA:244,3
DA:245,3
DA:246,3
DA:247,3
DA:248,3
DA:249,3
DA:250,3
DA:251,3
DA:252,3
DA:253,3
DA:254,3
DA:255,3
DA:256,3
DA:257,3
DA:258,3
DA:259,3
DA:260,3
DA:262,3
DA:263,1
DA:264,1
DA:265,3
DA:266,1
DA:267,1
DA:268,1
DA:269,1
DA:270,1
DA:271,4
DA:272,1
DA:274,4
DA:275,1
DA:276,1
DA:277,3
DA:278,3
DA:279,1
DA:280,2
DA:281,3
DA:282,1
DA:283,2
DA:284,4
DA:286,6
DA:289,1
DA:291,2
DA:292,2
DA:295,2
DA:296,2
DA:299,2
DA:300,2
DA:303,2
DA:304,2
DA:306,3
DA:309,2
DA:310,2
DA:312,3
DA:315,2
DA:316,2
DA:319,1
DA:322,1
DA:324,1
DA:325,1
DA:326,1
DA:327,1
DA:328,1
DA:329,1
DA:330,1
DA:334,2
DA:337,1
DA:338,3
DA:339,1
DA:340,1
DA:341,2
DA:343,1
DA:345,1
DA:347,1
DA:348,1
DA:349,1
DA:350,1
DA:351,1
DA:352,1
DA:353,1
DA:354,1
DA:355,1
DA:358,1
DA:359,1
DA:361,3
DA:362,1
DA:363,1
DA:364,1
DA:365,1
DA:367,1
DA:369,1
DA:370,1
DA:371,1
DA:372,1
DA:374,1
DA:375,1
DA:376,1
DA:377,1
DA:378,1
DA:380,1
DA:381,1
DA:382,1
DA:383,1
DA:385,1
DA:386,1
DA:387,1
DA:388,1
DA:390,1
DA:392,1
DA:394,1
DA:395,1
DA:397,1
DA:398,1
DA:399,1
DA:400,1
DA:401,1
DA:402,1
DA:403,1
DA:404,1
DA:405,1
DA:407,1
DA:408,1
DA:420,2
DA:421,1
DA:422,1
DA:433,1
DA:434,3
DA:435,5
DA:438,2
DA:442,1
DA:443,2
DA:444,2
DA:445,3
DA:449,1
DA:450,2
DA:452,1
DA:453,2
DA:455,2
DA:456,5
DA:457,1
DA:458,1
DA:459,1
DA:462,1
DA:464,2
DA:466,3
DA:467,2
DA:468,2
DA:473,2
DA:474,5
DA:475,1
DA:476,1
DA:477,1
DA:480,1
DA:485,0
DA:486,0
DA:487,0
DA:488,0
DA:489,0
DA:496,1
DA:515,1
DA:517,1
DA:518,1
DA:519,2
DA:521,1
DA:522,1
DA:523,1
DA:525,2
DA:526,1
DA:527,1
DA:528,1
DA:529,3
DA:530,1
DA:532,1
DA:533,1
DA:534,1
DA:540,1
DA:541,3
DA:542,2
DA:543,1
DA:546,1
DA:548,1
DA:549,1
DA:550,1
DA:553,2
DA:555,1
DA:556,1
DA:566,1
DA:600,1
DA:602,1
DA:603,1
DA:604,1
DA:605,1
DA:606,1
DA:607,1
DA:609,1
DA:610,1
DA:611,1
DA:612,1
DA:613,1
DA:614,1
DA:615,1
DA:616,1
DA:617,1
DA:618,2
DA:620,1
DA:623,2
DA:624,1
DA:625,1
DA:626,2
DA:629,1
DA:631,1
DA:632,1
DA:634,1
DA:635,1
DA:636,1
DA:640,1
DA:642,1
DA:643,1
DA:645,1
DA:648,1
DA:650,1
DA:651,2
DA:652,2
DA:654,2
DA:657,1
DA:658,1
DA:659,2
DA:664,1
DA:665,1
DA:668,1
DA:669,2
DA:670,1
DA:672,1
DA:673,1
DA:677,1
DA:679,1
DA:680,1
DA:681,1
DA:684,1
DA:685,0
DA:686,0
DA:688,0
DA:689,0
DA:691,1
DA:692,1
DA:693,1
DA:694,1
DA:695,1
DA:696,1
DA:699,1
DA:700,1
DA:704,1
DA:705,1
DA:706,1
DA:707,1
DA:708,1
DA:709,1
DA:725,1
DA:730,1
DA:731,1
DA:732,1
DA:734,1
DA:735,2
DA:737,1
DA:738,3
DA:739,2
DA:741,2
DA:743,1
DA:744,1
DA:745,2
DA:747,2
DA:749,2
DA:751,2
DA:753,2
DA:755,2
DA:757,3
DA:765,1
DA:771,1
DA:773,1
DA:774,1
DA:775,1
DA:776,1
DA:778,1
DA:779,2
DA:780,1
DA:785,1
DA:786,2
DA:789,1
DA:790,1
DA:791,1
DA:792,1
DA:794,1
DA:795,1
DA:803,1
DA:810,1
DA:812,1
DA:813,1
DA:814,1
DA:815,1
DA:816,1
DA:817,1
DA:819,1
DA:820,2
DA:821,1
DA:822,1
DA:823,1
DA:825,1
DA:826,1
DA:827,1
DA:828,1
DA:829,1
DA:830,1
DA:831,1
DA:834,1
DA:835,1
DA:836,1
DA:837,1
DA:839,3
DA:840,1
DA:842,2
DA:844,1
DA:845,1
DA:847,1
DA:856,1
DA:857,1
DA:858,1
DA:859,1
DA:862,1
DA:863,1
DA:865,1
DA:866,1
DA:867,2
DA:868,0
DA:872,1
DA:873,1
DA:874,1
DA:877,1
DA:879,1
DA:881,1
DA:885,2
DA:886,0
LF:360
LH:349
end_of_record
