SF:lib/src/operance_data_decoration.dart
DA:13,15
DA:42,8
DA:87,8
DA:120,8
DA:181,8
DA:246,9
LF:6
LH:6
end_of_record
SF:lib/src/operance_data_column.dart
DA:15,4
LF:1
LH:1
end_of_record
SF:lib/src/operance_data_column_width.dart
DA:9,11
DA:13,6
DA:32,16
LF:3
LH:3
end_of_record
SF:lib/src/operance_data_row.dart
DA:18,2
DA:38,2
DA:44,2
DA:99,2
DA:101,4
DA:102,4
DA:103,4
DA:104,4
DA:105,4
DA:107,2
DA:109,2
DA:110,2
DA:112,4
DA:113,4
DA:114,4
DA:115,2
DA:116,2
DA:117,2
DA:118,2
DA:119,2
DA:121,2
DA:122,4
DA:123,5
DA:124,2
DA:125,2
DA:126,2
DA:127,2
DA:128,2
DA:129,1
DA:131,2
DA:132,8
DA:133,2
DA:135,2
DA:136,2
DA:137,2
DA:139,2
DA:140,2
DA:141,10
DA:142,2
DA:145,2
DA:146,2
DA:149,2
DA:150,2
DA:156,2
DA:157,2
DA:158,2
DA:159,2
DA:160,2
DA:161,2
DA:162,2
DA:163,6
DA:165,2
DA:171,2
DA:172,2
DA:174,2
DA:175,2
DA:176,2
DA:177,6
DA:181,6
DA:182,4
DA:184,2
DA:185,2
DA:188,2
DA:189,6
DA:190,2
DA:191,6
DA:199,2
DA:200,2
DA:201,2
DA:204,2
DA:205,2
DA:206,2
DA:207,6
DA:209,2
LF:74
LH:74
end_of_record
SF:lib/src/operance_data_controller.dart
DA:11,2
DA:59,6
DA:62,3
DA:65,3
DA:68,1
DA:69,1
DA:70,1
DA:71,4
DA:72,2
DA:73,1
DA:78,2
DA:79,10
DA:83,2
DA:84,2
DA:85,4
DA:87,8
DA:88,1
DA:91,8
DA:96,6
DA:99,6
DA:102,6
DA:105,2
DA:106,4
DA:110,4
DA:113,4
DA:116,4
DA:119,4
DA:122,12
DA:125,14
DA:128,6
DA:131,2
DA:140,2
DA:141,2
DA:142,2
DA:143,2
DA:144,2
DA:145,2
DA:146,2
DA:147,2
DA:149,2
DA:150,2
DA:154,2
DA:155,2
DA:156,4
DA:157,6
DA:158,6
DA:160,2
DA:161,2
DA:167,2
DA:168,2
DA:172,2
DA:173,4
DA:174,2
DA:175,2
DA:180,1
DA:181,1
DA:186,2
DA:187,4
DA:188,2
DA:189,2
DA:191,2
DA:195,2
DA:198,4
DA:202,2
DA:203,2
DA:205,4
DA:206,2
DA:207,2
DA:212,2
DA:214,2
DA:216,2
DA:217,2
DA:218,4
DA:219,8
DA:220,8
DA:223,2
DA:224,2
DA:225,1
DA:229,2
DA:230,2
DA:234,1
DA:235,1
DA:236,2
DA:237,1
DA:238,1
DA:243,1
DA:244,2
DA:245,2
DA:246,1
DA:250,1
DA:251,2
DA:252,1
DA:256,1
DA:257,2
DA:258,1
DA:262,1
DA:263,2
DA:264,1
DA:266,1
DA:271,1
DA:272,2
DA:273,2
DA:274,1
DA:279,2
DA:280,4
DA:281,2
DA:285,2
DA:286,2
DA:287,2
DA:288,2
DA:289,2
DA:293,2
DA:294,4
DA:295,4
DA:297,4
DA:300,2
DA:304,2
DA:305,2
DA:306,6
DA:308,4
DA:311,2
DA:315,2
DA:316,8
DA:317,2
DA:321,1
DA:323,2
DA:325,2
DA:328,1
DA:330,1
DA:334,2
DA:335,2
DA:336,2
DA:340,2
DA:341,2
DA:342,2
DA:346,2
DA:347,2
DA:348,2
DA:352,1
DA:353,2
DA:355,2
DA:356,2
DA:357,2
DA:359,3
DA:360,1
LF:145
LH:145
end_of_record
SF:lib/src/operance_data_column_header.dart
DA:18,2
DA:78,2
DA:80,4
DA:81,4
DA:83,2
DA:84,2
DA:85,2
DA:86,2
DA:87,2
DA:88,2
DA:89,2
DA:90,2
DA:92,2
DA:94,2
DA:95,2
DA:97,2
DA:98,2
DA:99,2
DA:100,2
DA:101,2
DA:102,2
DA:105,2
DA:106,2
DA:107,4
DA:108,4
DA:109,2
DA:110,2
DA:111,2
DA:112,2
DA:113,2
DA:114,2
DA:115,3
DA:117,2
DA:120,2
DA:121,1
DA:122,1
DA:124,1
DA:140,2
DA:159,2
DA:161,2
DA:162,6
DA:163,2
DA:164,4
DA:165,10
DA:166,2
DA:179,2
DA:219,2
DA:221,8
DA:222,2
DA:223,8
DA:224,2
DA:225,2
DA:226,2
DA:228,2
DA:229,2
DA:232,2
DA:233,1
DA:234,4
DA:235,2
DA:236,1
DA:237,1
DA:251,1
DA:271,1
DA:273,1
DA:274,1
DA:275,1
DA:277,1
DA:279,1
DA:281,1
DA:283,1
DA:284,4
DA:285,2
DA:298,2
DA:326,2
DA:328,4
DA:329,4
DA:330,4
DA:332,2
DA:335,2
DA:336,2
DA:337,6
DA:338,2
DA:339,2
DA:340,6
DA:341,4
DA:342,1
DA:343,4
DA:344,2
DA:345,1
DA:346,1
DA:349,3
DA:364,1
DA:392,1
DA:394,5
DA:395,6
DA:397,1
DA:399,1
DA:400,1
DA:401,1
DA:402,2
DA:403,1
DA:404,2
DA:406,1
DA:412,1
DA:413,1
DA:414,2
DA:415,2
DA:416,2
DA:417,2
DA:418,2
DA:419,1
LF:111
LH:111
end_of_record
SF:lib/src/operance_data_table.dart
DA:29,1
DA:62,2
DA:66,4
DA:70,3
DA:74,2
DA:168,1
DA:169,1
DA:209,1
DA:211,1
DA:213,3
DA:214,3
DA:215,3
DA:216,3
DA:217,3
DA:218,3
DA:219,3
DA:220,3
DA:221,3
DA:222,3
DA:223,3
DA:224,3
DA:225,3
DA:226,3
DA:227,3
DA:228,3
DA:229,3
DA:230,3
DA:231,3
DA:232,3
DA:233,3
DA:234,3
DA:235,3
DA:236,3
DA:238,4
DA:239,1
DA:240,5
DA:241,1
DA:242,1
DA:243,1
DA:244,4
DA:245,1
DA:246,1
DA:248,2
DA:249,4
DA:250,1
DA:251,1
DA:252,3
DA:253,3
DA:254,1
DA:255,2
DA:256,3
DA:257,1
DA:258,2
DA:259,4
DA:261,6
DA:264,1
DA:266,2
DA:267,2
DA:269,3
DA:272,2
DA:273,2
DA:276,2
DA:277,2
DA:280,2
DA:281,2
DA:283,3
DA:286,2
DA:287,2
DA:289,3
DA:292,2
DA:293,2
DA:296,1
DA:299,1
DA:301,2
DA:302,2
DA:303,2
DA:304,2
DA:305,2
DA:306,1
DA:308,2
DA:309,2
DA:310,2
DA:311,2
DA:313,1
DA:314,3
DA:315,1
DA:316,1
DA:317,2
DA:318,1
DA:320,1
DA:321,1
DA:322,1
DA:323,1
DA:325,1
DA:327,1
DA:328,1
DA:329,1
DA:330,1
DA:332,1
DA:333,1
DA:334,1
DA:335,1
DA:336,2
DA:337,1
DA:338,1
DA:339,1
DA:340,1
DA:341,1
DA:343,1
DA:344,1
DA:345,2
DA:347,1
DA:348,1
DA:349,1
DA:350,1
DA:351,1
DA:358,1
DA:359,1
DA:361,1
DA:362,1
DA:363,1
DA:364,1
DA:365,1
DA:367,1
DA:369,1
DA:370,1
DA:371,1
DA:372,1
DA:373,1
DA:375,1
DA:376,1
DA:377,2
DA:379,4
DA:381,2
DA:382,2
DA:383,2
DA:384,1
DA:385,1
DA:386,1
DA:387,1
DA:388,1
DA:389,1
DA:391,1
DA:392,1
DA:393,1
DA:394,1
DA:396,1
DA:397,1
DA:398,2
DA:399,2
DA:400,1
DA:401,2
DA:404,2
DA:405,1
DA:407,1
DA:408,2
DA:410,2
DA:412,2
DA:415,1
DA:416,1
DA:417,1
DA:418,1
DA:421,1
DA:422,3
DA:423,1
DA:424,1
DA:425,1
DA:429,1
DA:430,3
DA:431,1
DA:432,1
DA:433,2
DA:436,1
DA:437,2
DA:439,1
DA:440,2
DA:442,1
DA:443,2
DA:445,1
DA:446,1
DA:447,1
DA:448,2
DA:449,2
DA:451,2
DA:452,2
DA:456,1
DA:457,1
DA:458,1
DA:459,1
DA:460,1
DA:461,1
DA:462,1
DA:465,1
DA:466,1
DA:470,1
DA:471,1
DA:472,1
DA:473,1
DA:474,1
DA:475,1
DA:479,2
DA:480,1
DA:481,3
DA:482,1
DA:484,1
DA:486,1
DA:487,1
DA:489,1
DA:491,1
DA:505,2
DA:506,1
DA:507,1
DA:508,1
DA:510,1
DA:511,1
DA:512,1
DA:514,1
DA:515,1
DA:516,1
DA:517,1
DA:518,1
DA:519,1
DA:520,1
DA:523,1
DA:524,1
DA:525,2
DA:526,1
DA:527,1
DA:529,2
DA:532,1
DA:533,1
DA:535,2
DA:542,1
DA:544,1
DA:545,1
DA:546,2
DA:547,2
DA:548,2
DA:553,1
DA:554,2
DA:556,4
DA:557,2
DA:573,3
DA:576,3
DA:579,3
DA:582,3
DA:585,3
DA:588,3
DA:591,3
DA:595,1
DA:596,5
DA:600,1
DA:601,2
DA:602,3
DA:603,3
DA:606,2
DA:609,1
DA:610,2
DA:611,2
DA:612,3
DA:616,5
DA:619,3
DA:622,3
DA:625,3
DA:628,1
DA:629,3
DA:630,2
DA:632,2
DA:633,1
DA:634,4
DA:635,1
DA:636,1
DA:637,3
DA:641,1
DA:643,4
DA:644,3
DA:648,2
DA:649,2
DA:650,1
DA:651,4
DA:652,1
DA:653,1
DA:654,3
DA:658,1
DA:664,1
DA:665,1
DA:666,4
DA:667,3
DA:668,2
DA:673,1
DA:674,1
DA:676,1
DA:677,2
DA:679,2
DA:680,4
DA:681,3
DA:683,2
DA:685,2
DA:686,1
DA:687,3
DA:689,2
DA:691,2
DA:693,2
DA:695,2
DA:697,2
DA:699,4
DA:712,1
DA:732,1
DA:734,1
DA:735,1
DA:736,3
DA:738,1
DA:739,1
DA:740,1
DA:741,3
DA:742,1
LF:316
LH:316
end_of_record
